<?xml version="1.0" encoding="UTF-8"?>
<!-- Generated by org.testng.reporters.JUnitReportReporter -->
<testsuite hostname="LAPTOP-5DBSC07H" failures="0" tests="6" name="com.nbk.dataproviderdemo.DataProviderDemo" time="0.020" errors="0" timestamp="2022-11-02T11:54:30 IST" skipped="0">
  <testcase classname="com.nbk.dataproviderdemo.DataProviderDemo" name="dataTest" time="0.009"/>
  <system-out/>
  <testcase classname="com.nbk.dataproviderdemo.DataProviderDemo" name="dataTest2" time="0.002"/>
  <system-out/>
  <testcase classname="com.nbk.dataproviderdemo.DataProviderDemo" name="dataTest" time="0.002"/>
  <system-out/>
  <testcase classname="com.nbk.dataproviderdemo.DataProviderDemo" name="dataTest2" time="0.002"/>
  <system-out/>
  <testcase classname="com.nbk.dataproviderdemo.DataProviderDemo" name="dataTest" time="0.003"/>
  <system-out/>
  <testcase classname="com.nbk.dataproviderdemo.DataProviderDemo" name="dataTest2" time="0.002"/>
  <system-out/>
</testsuite> <!-- com.nbk.dataproviderdemo.DataProviderDemo -->
