<?xml version="1.0" encoding="UTF-8"?>
<!-- Generated by org.testng.reporters.JUnitReportReporter -->
<testsuite hostname="LAPTOP-5DBSC07H" failures="0" tests="1" name="com.nbk.tests.HomePageTests" time="16.491" errors="0" timestamp="2022-10-30T19:40:28 IST" skipped="0">
  <testcase classname="com.nbk.tests.HomePageTests" name="test3" time="16.491"/>
  <system-out/>
</testsuite> <!-- com.nbk.tests.HomePageTests -->
