<?xml version="1.0" encoding="UTF-8"?>
<!-- Generated by org.testng.reporters.JUnitReportReporter -->
<testsuite hostname="LAPTOP-5DBSC07H" failures="0" tests="3" name="com.nbk.tests.LoginTests" time="24.025" errors="0" timestamp="2022-11-02T11:45:00 IST" skipped="0">
  <testcase classname="com.nbk.tests.LoginTests" name="dataDemo" time="6.056"/>
  <system-out/>
  <testcase classname="com.nbk.tests.LoginTests" name="dataDemo" time="5.870"/>
  <system-out/>
  <testcase classname="com.nbk.tests.LoginTests" name="dataDemo" time="12.099"/>
  <system-out/>
</testsuite> <!-- com.nbk.tests.LoginTests -->
