<?xml version="1.0" encoding="UTF-8"?>
<!-- Generated by org.testng.reporters.JUnitReportReporter -->
<testsuite hostname="LAPTOP-5DBSC07H" failures="0" tests="1" name="com.nbk.tests.AmazonTest" time="13.794" errors="0" timestamp="2022-11-04T07:45:37 IST" skipped="0">
  <testcase classname="com.nbk.tests.AmazonTest" name="amazonTest" time="13.794"/>
  <system-out/>
</testsuite> <!-- com.nbk.tests.AmazonTest -->
