<?xml version="1.0" encoding="UTF-8"?>
<!-- Generated by org.testng.reporters.JUnitReportReporter -->
<testsuite hostname="LAPTOP-5DBSC07H" failures="0" tests="1" name="com.nbk.tests.HomePageTest" time="6.480" errors="0" timestamp="2022-10-30T06:57:06 IST" skipped="0">
  <testcase classname="com.nbk.tests.HomePageTest" name="test3" time="6.480"/>
  <system-out/>
</testsuite> <!-- com.nbk.tests.HomePageTest -->
