<?xml version="1.0" encoding="UTF-8"?>
<!-- Generated by org.testng.reporters.JUnitReportReporter -->
<testsuite hostname="LAPTOP-5DBSC07H" failures="0" tests="4" name="com.nbk.dataproviderdemo.DataProviderUsingExcel" time="0.017" errors="0" timestamp="2022-11-02T13:13:22 IST" skipped="0">
  <testcase classname="com.nbk.dataproviderdemo.DataProviderUsingExcel" name="testDemo" time="0.003"/>
  <system-out/>
  <testcase classname="com.nbk.dataproviderdemo.DataProviderUsingExcel" name="testDemo" time="0.003"/>
  <system-out/>
  <testcase classname="com.nbk.dataproviderdemo.DataProviderUsingExcel" name="testDemo" time="0.003"/>
  <system-out/>
  <testcase classname="com.nbk.dataproviderdemo.DataProviderUsingExcel" name="testDemo" time="0.008"/>
  <system-out/>
</testsuite> <!-- com.nbk.dataproviderdemo.DataProviderUsingExcel -->
